{
  "RSpec": {
    "coverage": {
      "/home/studinf/psadowski/Pulpit/ruby_testy/zadanie 2/heapsort test/lib/heap.rb": [
        1,
        1,
        null,
        null,
        1,
        80,
        20,
        null,
        60,
        null,
        null,
        null,
        null,
        null,
        1,
        80,
        20,
        null,
        60,
        null,
        null,
        null,
        null,
        1,
        null,
        79,
        79,
        79,
        44,
        null,
        35,
        null,
        null,
        79,
        13,
        null,
        null,
        79,
        48,
        48,
        48,
        48,
        null,
        79,
        null,
        null,
        null,
        1,
        2,
        null,
        12,
        null,
        null,
        null,
        null,
        null,
        1,
        null,
        2,
        2,
        null,
        2,
        18,
        18,
        18,
        18,
        18,
        null,
        null,
        null,
        null,
        1,
        1,
        1,
        1,
        10,
        null,
        null,
        1,
        10,
        null,
        1,
        1,
        1,
        10,
        null,
        null
      ]
    },
    "timestamp": 1449573111
  }
}
