{
  "RSpec": {
    "coverage": {
      "/home/studinf/psadowski/Pulpit/ruby_testy/zadanie 2/heapsort test/lib/heap.rb": [
        1,
        1,
        null,
        null,
        1,
        82,
        20,
        null,
        62,
        null,
        null,
        null,
        null,
        null,
        1,
        82,
        20,
        null,
        62,
        null,
        null,
        null,
        null,
        1,
        null,
        81,
        81,
        81,
        48,
        null,
        33,
        null,
        null,
        81,
        9,
        null,
        null,
        81,
        50,
        50,
        50,
        50,
        null,
        81,
        null,
        null,
        null,
        1,
        2,
        null,
        12,
        null,
        null,
        null,
        null,
        null,
        1,
        null,
        2,
        2,
        null,
        2,
        18,
        18,
        18,
        18,
        18,
        null,
        null,
        null,
        null,
        1,
        1,
        1,
        1,
        10,
        null,
        null,
        1,
        10,
        null,
        1,
        1,
        1,
        10,
        null,
        null
      ]
    },
    "timestamp": 1448978503
  }
}
