{
  "RSpec": {
    "coverage": {
      "/home/studinf/psadowski/Pulpit/ruby_testy/testy/lib/hash.rb": [
        1,
        null,
        1,
        7,
        7,
        7,
        null,
        7,
        9,
        2,
        2,
        0,
        null,
        null,
        7,
        7,
        7,
        null,
        null,
        null,
        null,
        1,
        100,
        null,
        null,
        1,
        1,
        null,
        1,
        2,
        null,
        2,
        null,
        2,
        null,
        null,
        1,
        1,
        104,
        null,
        null,
        null,
        null,
        null,
        null,
        null,
        null
      ],
      "/home/studinf/psadowski/Pulpit/ruby_testy/testy/spec/heap_spec.rb": [
        1,
        1,
        null,
        null,
        1,
        null,
        1,
        1,
        1,
        null,
        null,
        null,
        1,
        1,
        1,
        null,
        null,
        null,
        1,
        1,
        1,
        null,
        null,
        null,
        1,
        1,
        null,
        1,
        1,
        1,
        9,
        null,
        null,
        null,
        null,
        null,
        null,
        1,
        1,
        1,
        1,
        null,
        1,
        1,
        10,
        null,
        null,
        null,
        null,
        null,
        null
      ],
      "/home/studinf/psadowski/Pulpit/ruby_testy/testy/lib/heap.rb": [
        1,
        1,
        null,
        null,
        1,
        82,
        20,
        null,
        62,
        null,
        null,
        null,
        null,
        null,
        1,
        82,
        20,
        null,
        62,
        null,
        null,
        null,
        null,
        1,
        null,
        81,
        81,
        81,
        48,
        null,
        33,
        null,
        null,
        81,
        10,
        null,
        null,
        81,
        50,
        50,
        50,
        50,
        null,
        81,
        null,
        null,
        null,
        1,
        2,
        null,
        12,
        null,
        null,
        null,
        null,
        null,
        1,
        null,
        2,
        2,
        null,
        2,
        18,
        18,
        18,
        18,
        18,
        null,
        null,
        null,
        null,
        1,
        1,
        1,
        1,
        10,
        null,
        null,
        1,
        10,
        null,
        1,
        1,
        1,
        10,
        null,
        null
      ],
      "/home/studinf/psadowski/Pulpit/ruby_testy/testy/spec/kod_spec.rb": [
        1,
        1,
        1,
        1,
        null,
        null,
        1,
        1,
        1,
        null,
        null,
        1,
        2,
        2,
        1,
        1,
        null,
        null,
        null,
        1,
        2,
        2,
        1,
        1,
        null,
        null,
        null,
        1,
        2,
        2,
        1,
        1,
        null,
        null,
        null,
        1,
        2,
        1,
        1,
        null,
        null,
        null,
        1,
        2,
        2,
        1,
        1,
        null,
        null,
        null,
        1,
        2,
        2,
        2,
        1,
        1,
        null,
        null,
        null,
        null,
        null
      ],
      "/home/studinf/psadowski/Pulpit/ruby_testy/testy/spec/spec_helper.rb": [
        1,
        1
      ],
      "/home/studinf/psadowski/Pulpit/ruby_testy/testy/lib/kod.rb": [
        1,
        null,
        1,
        1,
        1,
        null,
        null,
        1,
        1,
        1,
        null,
        null,
        1,
        4,
        4,
        10,
        10,
        10,
        null,
        null,
        4,
        null,
        null,
        1,
        1,
        1,
        2,
        null,
        null,
        1,
        null,
        null,
        1,
        1,
        1,
        1,
        1,
        1,
        1,
        null,
        3,
        1,
        1,
        0,
        null,
        1,
        1,
        1,
        1,
        1,
        1,
        1,
        null,
        null,
        1,
        null,
        null,
        1,
        1,
        1,
        1,
        1,
        3,
        3,
        null,
        3,
        3,
        null,
        1,
        null,
        null
      ]
    },
    "timestamp": 1448976268
  }
}
