{
  "RSpec": {
    "coverage": {
      "/home/studinf/psadowski/Pulpit/ruby_testy/zadanie 2/math test/lib/kod.rb": [
        1,
        null,
        1,
        1,
        1,
        null,
        null,
        1,
        1,
        1,
        null,
        null,
        1,
        4,
        4,
        10,
        10,
        10,
        null,
        null,
        4,
        null,
        null,
        1,
        1,
        1,
        2,
        null,
        null,
        1,
        null,
        null,
        1,
        1,
        1,
        1,
        1,
        1,
        1,
        null,
        3,
        1,
        1,
        0,
        null,
        1,
        1,
        1,
        1,
        1,
        1,
        1,
        null,
        null,
        1,
        null,
        null,
        1,
        1,
        1,
        1,
        1,
        3,
        3,
        null,
        3,
        3,
        null,
        1,
        null,
        null
      ]
    },
    "timestamp": 1449573205
  }
}
